<?xml version="1.0" encoding="UTF-8"?>
<!-- Generated by org.testng.reporters.JUnitReportReporter -->
<testsuite hostname="DESKTOP-FO2KUNJ" failures="0" tests="1" name="webdriver.NewTest" time="12.331" errors="0" timestamp="1 Aug 2022 17:55:21 GMT">
  <testcase classname="webdriver.NewTest" name="f" time="12.331"/>
</testsuite> <!-- webdriver.NewTest -->
